<?xml version="1.0" encoding="UTF-8"?>
<!-- Generated by org.testng.reporters.JUnitReportReporter -->
<testsuite skipped="0" hostname="LAPTOP-QN4VMSOD" name="com.qa.tests.BookFlightTest" tests="1" failures="0" timestamp="2020-01-12T18:37:25 IST" time="6.258" errors="0">
  <testcase name="bookFlight" time="6.258" classname="com.qa.tests.BookFlightTest"/>
</testsuite> <!-- com.qa.tests.BookFlightTest -->
