<?xml version="1.0" encoding="UTF-8"?>
<!-- Generated by org.testng.reporters.JUnitReportReporter -->
<testsuite skipped="0" hostname="LAPTOP-QN4VMSOD" name="com.qa.tests.LoginTest" tests="1" failures="0" timestamp="2020-01-11T18:24:56 IST" time="0.072" errors="0">
  <testcase name="loginTest" time="0.072" classname="com.qa.tests.LoginTest"/>
</testsuite> <!-- com.qa.tests.LoginTest -->
