<?xml version="1.0" encoding="UTF-8"?>
<!-- Generated by org.testng.reporters.JUnitReportReporter -->
<testsuite skipped="0" hostname="LAPTOP-QN4VMSOD" name="com.qa.tests.BookFlightTest" tests="1" failures="0" timestamp="2020-01-11T19:20:59 IST" time="4.051" errors="0">
  <testcase name="bookFlight" time="4.051" classname="com.qa.tests.BookFlightTest"/>
</testsuite> <!-- com.qa.tests.BookFlightTest -->
